<?xml version="1.0" encoding="UTF-8"?>
<testsuite name="ru.netology.web.data.MoneyTransferTest" tests="2" skipped="0" failures="0" errors="0" timestamp="2021-08-21T08:49:15" hostname="DESKTOP-H6MRP86" time="6.27">
  <properties/>
  <testcase name="shouldTransferMoneyBetweenOwnCardsV1()" classname="ru.netology.web.data.MoneyTransferTest" time="4.329"/>
  <testcase name="shouldTransferMoneyBetweenOwnCardsV2()" classname="ru.netology.web.data.MoneyTransferTest" time="1.94"/>
  <system-out><![CDATA[]]></system-out>
  <system-err><![CDATA[SLF4J: Failed to load class "org.slf4j.impl.StaticLoggerBinder".
SLF4J: Defaulting to no-operation (NOP) logger implementation
SLF4J: See http://www.slf4j.org/codes.html#StaticLoggerBinder for further details.
Starting ChromeDriver 92.0.4515.107 (87a818b10553a07434ea9e2b6dccf3cbe7895134-refs/branch-heads/4515@{#1634}) on port 9356
Only local connections are allowed.
Please see https://chromedriver.chromium.org/security-considerations for suggestions on keeping ChromeDriver safe.
ChromeDriver was started successfully.
авг. 21, 2021 11:49:18 AM org.openqa.selenium.remote.ProtocolHandshake createSession
INFO: Detected dialect: W3C
]]></system-err>
</testsuite>
